/etc/rc.local: 21: /etc/rc.local: /home/pi/python/send-ip-mail.sh: not found
/etc/rc.local: 21: /etc/rc.local: /home/pi/MyApp/SendEmailBringUp/send-ip-mail.sh: Permission denied
Network OK, will send mail...
Network OK, will send mail...
Network OK, will send mail...
Network OK, will send mail...
Network OK, will send mail...
Network OK, will send mail...
Network OK, will send mail...
Network OK, will send mail...
Network OK, will send mail...
Network OK, will send mail...
Network OK, will send mail...
msmtp: authentication failed (method PLAIN)
msmtp: server message: 535 authentication failed c60640fa-1727-4c67-b7bb-9a57f7519afc
msmtp: could not send mail (account default from /home/pi/.msmtprc)
Error sending message, child exited 77 (Insufficient permission.).
Could not send the message.
Network OK, will send mail...
Network OK, will send mail...
Network OK, will send mail...
Network OK, will send mail...
Network OK, will send mail...
Network OK, will send mail...
Network OK, will send mail...
Network OK, will send mail...
Network OK, will send mail...
Network OK, will send mail...
Network OK, will send mail...
Network OK, will send mail...
